error: pid invalid
error: undefined
error: undefined
error: No recipients defined
error: No recipients defined
error: No recipients defined
error: No recipients defined
error: No recipients defined
error: No recipients defined
error: No recipients defined
error: No recipients defined
error: null
error: null
error: undefined
error: undefined
error: undefined
error: undefined
error: undefined
error: undefined
error: undefined
error: undefined
error: undefined
error: undefined
error: undefined
error: undefined
error: undefined
error: undefined
error: undefined
error: undefined
error: undefined
error: undefined
error: undefined
error: undefined
error: undefined
error: undefined
error: undefined
error: null
error: null
error: users.foreach is not a function
error: Error to create a user
error: Error to create a user
error: Error to create a user
error: Error to create a user
error: Error to create a user
error: Error to create a user
error: null
error: query is not defined
error: query is not defined
error: prevLink is not defined
error: res.sed is not a function
error: Cannot read properties of undefined (reading 'user')
error: Cannot read properties of undefined (reading 'user')
error: Cannot read properties of undefined (reading 'email')
error: Cannot read properties of undefined (reading 'email')
error: Cannot read properties of undefined (reading 'email')
error: cid invalid
error: Cast to ObjectId failed for value "[object Object]" (type string) at path "_id" for model "carts"
error: cid invalid
error: cid invalid
error: cid invalid
error: cid invalid
error: cid invalid
error: cid invalid
error: cid invalid
error: cid invalid
error: null
error: null
error: null
error: cid invalid
error: null
error: cid invalid
error: cid invalid
error: cid invalid
error: cid invalid
error: cartService is not defined
error: null
error: undefined
error: undefined
error: null
error: undefined
error: undefined
error: undefined
error: undefined
error: undefined
error: undefined
error: undefined
error: undefined
error: undefined
error: undefined
error: undefined
error: null
error: null
error: E11000 duplicate key error collection: ecommers.carts index: cartId_1 dup key: { cartId: null }
error: E11000 duplicate key error collection: ecommers.carts index: cartId_1 dup key: { cartId: null }
error: null
error: Invalid login: 535-5.7.8 Username and Password not accepted. For more information, go to
535 5.7.8  https://support.google.com/mail/?p=BadCredentials d9443c01a7336-1fbb6a10936sm55450275ad.57 - gsmtp
error: Invalid login: 535-5.7.8 Username and Password not accepted. For more information, go to
535 5.7.8  https://support.google.com/mail/?p=BadCredentials d9443c01a7336-1fbb6abfab9sm55460885ad.193 - gsmtp
error: Invalid login: 535-5.7.8 Username and Password not accepted. For more information, go to
535 5.7.8  https://support.google.com/mail/?p=BadCredentials d9443c01a7336-1fbb6ac0fd1sm56890415ad.208 - gsmtp
error: E11000 duplicate key error collection: ecommers.carts index: cartId_1 dup key: { cartId: null }
error: E11000 duplicate key error collection: ecommers.carts index: cartId_1 dup key: { cartId: null }
error: E11000 duplicate key error collection: ecommers.carts index: cartId_1 dup key: { cartId: null }
error: E11000 duplicate key error collection: ecommers.carts index: cartId_1 dup key: { cartId: null }
error: Invalid login: 535-5.7.8 Username and Password not accepted. For more information, go to
535 5.7.8  https://support.google.com/mail/?p=BadCredentials d2e1a72fcca58-70b438eb4e3sm6398940b3a.92 - gsmtp
error: Invalid login: 535-5.7.8 Username and Password not accepted. For more information, go to
535 5.7.8  https://support.google.com/mail/?p=BadCredentials d2e1a72fcca58-70b4397f32csm6426801b3a.146 - gsmtp
error: Invalid login: 535-5.7.8 Username and Password not accepted. For more information, go to
535 5.7.8  https://support.google.com/mail/?p=BadCredentials d9443c01a7336-1fbb6ab7fd3sm55592365ad.150 - gsmtp
error: E11000 duplicate key error collection: ecommers.carts index: cartId_1 dup key: { cartId: null }
error: res is not defined
error: Cannot read properties of null (reading 'products')
error: Invalid login: 535-5.7.8 Username and Password not accepted. For more information, go to
535 5.7.8  https://support.google.com/mail/?p=BadCredentials 98e67ed59e1d1-2caedbfb296sm4263615a91.24 - gsmtp
error: Invalid login: 535-5.7.8 Username and Password not accepted. For more information, go to
535 5.7.8  https://support.google.com/mail/?p=BadCredentials d2e1a72fcca58-70b7ec7d53dsm4248047b3a.139 - gsmtp
error: Invalid login: 535-5.7.8 Username and Password not accepted. For more information, go to
535 5.7.8  https://support.google.com/mail/?p=BadCredentials 98e67ed59e1d1-2cacd419c76sm6286047a91.29 - gsmtp
error: Invalid login: 535-5.7.8 Username and Password not accepted. For more information, go to
535 5.7.8  https://support.google.com/mail/?p=BadCredentials d2e1a72fcca58-70b7ebb67edsm4241672b3a.60 - gsmtp
error: Invalid login: 535-5.7.8 Username and Password not accepted. For more information, go to
535 5.7.8  https://support.google.com/mail/?p=BadCredentials 98e67ed59e1d1-2caedc92cc3sm4221870a91.43 - gsmtp
error: Invalid login: 535-5.7.8 Username and Password not accepted. For more information, go to
535 5.7.8  https://support.google.com/mail/?p=BadCredentials d2e1a72fcca58-70b7eca6a00sm4411107b3a.142 - gsmtp
error: Invalid login: 535-5.7.8 Username and Password not accepted. For more information, go to
535 5.7.8  https://support.google.com/mail/?p=BadCredentials d9443c01a7336-1fc0bc27137sm40095995ad.164 - gsmtp
error: Invalid login: 535-5.7.8 Username and Password not accepted. For more information, go to
535 5.7.8  https://support.google.com/mail/?p=BadCredentials d9443c01a7336-1fc0bc496efsm39986825ad.262 - gsmtp
error: Invalid login: 535-5.7.8 Username and Password not accepted. For more information, go to
535 5.7.8  https://support.google.com/mail/?p=BadCredentials d2e1a72fcca58-70b7ec7d05bsm4252142b3a.128 - gsmtp
error: Invalid login: 535-5.7.8 Username and Password not accepted. For more information, go to
535 5.7.8  https://support.google.com/mail/?p=BadCredentials 41be03b00d2f7-78e32b6b998sm3286652a12.18 - gsmtp
error: Invalid login: 535-5.7.8 Username and Password not accepted. For more information, go to
535 5.7.8  https://support.google.com/mail/?p=BadCredentials 41be03b00d2f7-790bcf32bdbsm1737489a12.10 - gsmtp
error: Invalid login: 535-5.7.8 Username and Password not accepted. For more information, go to
535 5.7.8  https://support.google.com/mail/?p=BadCredentials d2e1a72fcca58-70b7ec7ff8csm4282712b3a.135 - gsmtp
error: Invalid login: 535-5.7.8 Username and Password not accepted. For more information, go to
535 5.7.8  https://support.google.com/mail/?p=BadCredentials d9443c01a7336-1fc0bc270f0sm40541335ad.131 - gsmtp
error: Invalid login: 535-5.7.8 Username and Password not accepted. For more information, go to
535 5.7.8  https://support.google.com/mail/?p=BadCredentials d9443c01a7336-1fc0bc285c5sm40511815ad.132 - gsmtp
error: Cannot read properties of undefined (reading 'forEach')
error: cid invalid
error: Cast to ObjectId failed for value "undefined" (type string) at path "_id" for model "carts"
error: Cast to ObjectId failed for value "undefined" (type string) at path "_id" for model "carts"
error: Cast to ObjectId failed for value "undefined" (type string) at path "_id" for model "carts"
error: cid invalid
error: Missing credentials for "PLAIN"
error: E11000 duplicate key error collection: ecommerce.users index: email_1 dup key: { email: "cursoscoderenzo@gmail.com" }
error: Operation `users.findOne()` buffering timed out after 10000ms
